{"C:\\Users\\kinar\\OneDrive\\tareas.ids4\\Desarrollo full stack\\pagina-personal\\auth.js": {"path":"C:\\Users\\kinar\\OneDrive\\tareas.ids4\\Desarrollo full stack\\pagina-personal\\auth.js","statementMap":{"0":{"start":{"line":1,"column":16},"end":{"line":1,"column":34}},"1":{"start":{"line":2,"column":12},"end":{"line":2,"column":35}},"2":{"start":{"line":3,"column":15},"end":{"line":3,"column":34}},"3":{"start":{"line":4,"column":16},"end":{"line":4,"column":43}},"4":{"start":{"line":6,"column":15},"end":{"line":6,"column":31}},"5":{"start":{"line":9,"column":0},"end":{"line":39,"column":3}},"6":{"start":{"line":11,"column":2},"end":{"line":38,"column":3}},"7":{"start":{"line":12,"column":41},"end":{"line":12,"column":49}},"8":{"start":{"line":13,"column":4},"end":{"line":17,"column":5}},"9":{"start":{"line":14,"column":6},"end":{"line":16,"column":9}},"10":{"start":{"line":19,"column":29},"end":{"line":19,"column":62}},"11":{"start":{"line":21,"column":4},"end":{"line":25,"column":5}},"12":{"start":{"line":22,"column":6},"end":{"line":24,"column":9}},"13":{"start":{"line":27,"column":20},"end":{"line":31,"column":6}},"14":{"start":{"line":32,"column":4},"end":{"line":32,"column":25}},"15":{"start":{"line":33,"column":4},"end":{"line":35,"column":7}},"16":{"start":{"line":37,"column":4},"end":{"line":37,"column":14}},"17":{"start":{"line":42,"column":0},"end":{"line":88,"column":3}},"18":{"start":{"line":44,"column":2},"end":{"line":87,"column":3}},"19":{"start":{"line":45,"column":33},"end":{"line":45,"column":41}},"20":{"start":{"line":46,"column":4},"end":{"line":50,"column":5}},"21":{"start":{"line":47,"column":6},"end":{"line":49,"column":9}},"22":{"start":{"line":52,"column":20},"end":{"line":52,"column":53}},"23":{"start":{"line":54,"column":4},"end":{"line":58,"column":5}},"24":{"start":{"line":55,"column":6},"end":{"line":57,"column":9}},"25":{"start":{"line":60,"column":21},"end":{"line":60,"column":61}},"26":{"start":{"line":62,"column":4},"end":{"line":66,"column":5}},"27":{"start":{"line":63,"column":6},"end":{"line":65,"column":9}},"28":{"start":{"line":68,"column":18},"end":{"line":78,"column":5}},"29":{"start":{"line":80,"column":4},"end":{"line":84,"column":7}},"30":{"start":{"line":86,"column":4},"end":{"line":86,"column":14}},"31":{"start":{"line":90,"column":0},"end":{"line":90,"column":24}}},"fnMap":{"0":{"name":"(anonymous_0)","decl":{"start":{"line":9,"column":25},"end":{"line":9,"column":26}},"loc":{"start":{"line":9,"column":51},"end":{"line":39,"column":1}},"line":9},"1":{"name":"(anonymous_1)","decl":{"start":{"line":42,"column":22},"end":{"line":42,"column":23}},"loc":{"start":{"line":42,"column":48},"end":{"line":88,"column":1}},"line":42}},"branchMap":{"0":{"loc":{"start":{"line":13,"column":4},"end":{"line":17,"column":5}},"type":"if","locations":[{"start":{"line":13,"column":4},"end":{"line":17,"column":5}},{"start":{},"end":{}}],"line":13},"1":{"loc":{"start":{"line":13,"column":8},"end":{"line":13,"column":39}},"type":"binary-expr","locations":[{"start":{"line":13,"column":8},"end":{"line":13,"column":15}},{"start":{"line":13,"column":19},"end":{"line":13,"column":26}},{"start":{"line":13,"column":30},"end":{"line":13,"column":39}}],"line":13},"2":{"loc":{"start":{"line":21,"column":4},"end":{"line":25,"column":5}},"type":"if","locations":[{"start":{"line":21,"column":4},"end":{"line":25,"column":5}},{"start":{},"end":{}}],"line":21},"3":{"loc":{"start":{"line":46,"column":4},"end":{"line":50,"column":5}},"type":"if","locations":[{"start":{"line":46,"column":4},"end":{"line":50,"column":5}},{"start":{},"end":{}}],"line":46},"4":{"loc":{"start":{"line":46,"column":8},"end":{"line":46,"column":28}},"type":"binary-expr","locations":[{"start":{"line":46,"column":8},"end":{"line":46,"column":15}},{"start":{"line":46,"column":19},"end":{"line":46,"column":28}}],"line":46},"5":{"loc":{"start":{"line":54,"column":4},"end":{"line":58,"column":5}},"type":"if","locations":[{"start":{"line":54,"column":4},"end":{"line":58,"column":5}},{"start":{},"end":{}}],"line":54},"6":{"loc":{"start":{"line":62,"column":4},"end":{"line":66,"column":5}},"type":"if","locations":[{"start":{"line":62,"column":4},"end":{"line":66,"column":5}},{"start":{},"end":{}}],"line":62}},"s":{"0":1,"1":1,"2":1,"3":1,"4":1,"5":1,"6":0,"7":0,"8":0,"9":0,"10":0,"11":0,"12":0,"13":0,"14":0,"15":0,"16":0,"17":1,"18":0,"19":0,"20":0,"21":0,"22":0,"23":0,"24":0,"25":0,"26":0,"27":0,"28":0,"29":0,"30":0,"31":1},"f":{"0":0,"1":0},"b":{"0":[0,0],"1":[0,0,0],"2":[0,0],"3":[0,0],"4":[0,0],"5":[0,0],"6":[0,0]},"_coverageSchema":"1a1c01bbd47fc00a2c39e90264f33305004495a9","hash":"48f99dc9bc3dbd54b88ce6f1205bc9a64fd99a8b"}
,"C:\\Users\\kinar\\OneDrive\\tareas.ids4\\Desarrollo full stack\\pagina-personal\\server.js": {"path":"C:\\Users\\kinar\\OneDrive\\tareas.ids4\\Desarrollo full stack\\pagina-personal\\server.js","statementMap":{"0":{"start":{"line":1,"column":16},"end":{"line":1,"column":34}},"1":{"start":{"line":2,"column":17},"end":{"line":2,"column":36}},"2":{"start":{"line":3,"column":13},"end":{"line":3,"column":28}},"3":{"start":{"line":4,"column":14},"end":{"line":4,"column":30}},"4":{"start":{"line":6,"column":0},"end":{"line":6,"column":27}},"5":{"start":{"line":8,"column":17},"end":{"line":8,"column":45}},"6":{"start":{"line":9,"column":19},"end":{"line":9,"column":36}},"7":{"start":{"line":11,"column":27},"end":{"line":11,"column":55}},"8":{"start":{"line":12,"column":21},"end":{"line":12,"column":59}},"9":{"start":{"line":13,"column":24},"end":{"line":13,"column":63}},"10":{"start":{"line":14,"column":21},"end":{"line":14,"column":57}},"11":{"start":{"line":16,"column":12},"end":{"line":16,"column":21}},"12":{"start":{"line":18,"column":0},"end":{"line":18,"column":16}},"13":{"start":{"line":19,"column":0},"end":{"line":19,"column":24}},"14":{"start":{"line":21,"column":0},"end":{"line":21,"column":33}},"15":{"start":{"line":26,"column":0},"end":{"line":28,"column":3}},"16":{"start":{"line":27,"column":2},"end":{"line":27,"column":35}},"17":{"start":{"line":33,"column":0},"end":{"line":61,"column":3}},"18":{"start":{"line":35,"column":2},"end":{"line":59,"column":3}},"19":{"start":{"line":37,"column":17},"end":{"line":37,"column":46}},"20":{"start":{"line":38,"column":18},"end":{"line":38,"column":48}},"21":{"start":{"line":39,"column":17},"end":{"line":39,"column":35}},"22":{"start":{"line":41,"column":22},"end":{"line":44,"column":19}},"23":{"start":{"line":46,"column":18},"end":{"line":46,"column":49}},"24":{"start":{"line":48,"column":4},"end":{"line":53,"column":7}},"25":{"start":{"line":57,"column":4},"end":{"line":57,"column":16}},"26":{"start":{"line":66,"column":0},"end":{"line":90,"column":3}},"27":{"start":{"line":68,"column":2},"end":{"line":88,"column":3}},"28":{"start":{"line":70,"column":21},"end":{"line":70,"column":59}},"29":{"start":{"line":72,"column":4},"end":{"line":78,"column":5}},"30":{"start":{"line":74,"column":6},"end":{"line":76,"column":9}},"31":{"start":{"line":80,"column":4},"end":{"line":80,"column":23}},"32":{"start":{"line":84,"column":4},"end":{"line":86,"column":7}},"33":{"start":{"line":95,"column":0},"end":{"line":119,"column":3}},"34":{"start":{"line":97,"column":2},"end":{"line":118,"column":3}},"35":{"start":{"line":98,"column":42},"end":{"line":98,"column":50}},"36":{"start":{"line":99,"column":4},"end":{"line":103,"column":5}},"37":{"start":{"line":100,"column":6},"end":{"line":102,"column":9}},"38":{"start":{"line":104,"column":26},"end":{"line":108,"column":6}},"39":{"start":{"line":109,"column":4},"end":{"line":109,"column":31}},"40":{"start":{"line":110,"column":4},"end":{"line":112,"column":7}},"41":{"start":{"line":114,"column":4},"end":{"line":114,"column":25}},"42":{"start":{"line":115,"column":4},"end":{"line":117,"column":7}},"43":{"start":{"line":124,"column":0},"end":{"line":151,"column":3}},"44":{"start":{"line":126,"column":4},"end":{"line":149,"column":5}},"45":{"start":{"line":127,"column":26},"end":{"line":131,"column":7}},"46":{"start":{"line":133,"column":6},"end":{"line":139,"column":7}},"47":{"start":{"line":135,"column":8},"end":{"line":137,"column":11}},"48":{"start":{"line":141,"column":6},"end":{"line":141,"column":28}},"49":{"start":{"line":145,"column":6},"end":{"line":147,"column":9}},"50":{"start":{"line":156,"column":0},"end":{"line":183,"column":3}},"51":{"start":{"line":158,"column":4},"end":{"line":181,"column":5}},"52":{"start":{"line":161,"column":8},"end":{"line":161,"column":55}},"53":{"start":{"line":163,"column":6},"end":{"line":169,"column":7}},"54":{"start":{"line":165,"column":8},"end":{"line":167,"column":11}},"55":{"start":{"line":171,"column":6},"end":{"line":173,"column":9}},"56":{"start":{"line":177,"column":6},"end":{"line":179,"column":9}},"57":{"start":{"line":188,"column":0},"end":{"line":204,"column":3}},"58":{"start":{"line":190,"column":2},"end":{"line":202,"column":3}},"59":{"start":{"line":192,"column":21},"end":{"line":194,"column":5}},"60":{"start":{"line":196,"column":4},"end":{"line":196,"column":28}},"61":{"start":{"line":200,"column":4},"end":{"line":200,"column":16}},"62":{"start":{"line":210,"column":0},"end":{"line":215,"column":1}},"63":{"start":{"line":211,"column":2},"end":{"line":214,"column":38}},"64":{"start":{"line":213,"column":16},"end":{"line":213,"column":48}},"65":{"start":{"line":214,"column":18},"end":{"line":214,"column":36}},"66":{"start":{"line":219,"column":0},"end":{"line":219,"column":22}},"67":{"start":{"line":224,"column":13},"end":{"line":224,"column":37}},"68":{"start":{"line":226,"column":0},"end":{"line":230,"column":1}},"69":{"start":{"line":227,"column":2},"end":{"line":229,"column":5}},"70":{"start":{"line":228,"column":4},"end":{"line":228,"column":66}},"71":{"start":{"line":232,"column":0},"end":{"line":232,"column":21}}},"fnMap":{"0":{"name":"(anonymous_0)","decl":{"start":{"line":26,"column":13},"end":{"line":26,"column":14}},"loc":{"start":{"line":26,"column":27},"end":{"line":28,"column":1}},"line":26},"1":{"name":"(anonymous_1)","decl":{"start":{"line":33,"column":42},"end":{"line":33,"column":43}},"loc":{"start":{"line":33,"column":68},"end":{"line":61,"column":1}},"line":33},"2":{"name":"(anonymous_2)","decl":{"start":{"line":66,"column":46},"end":{"line":66,"column":47}},"loc":{"start":{"line":66,"column":72},"end":{"line":90,"column":1}},"line":66},"3":{"name":"(anonymous_3)","decl":{"start":{"line":95,"column":43},"end":{"line":95,"column":44}},"loc":{"start":{"line":95,"column":63},"end":{"line":119,"column":1}},"line":95},"4":{"name":"(anonymous_4)","decl":{"start":{"line":124,"column":69},"end":{"line":124,"column":70}},"loc":{"start":{"line":124,"column":95},"end":{"line":151,"column":1}},"line":124},"5":{"name":"(anonymous_5)","decl":{"start":{"line":156,"column":72},"end":{"line":156,"column":73}},"loc":{"start":{"line":156,"column":98},"end":{"line":183,"column":1}},"line":156},"6":{"name":"(anonymous_6)","decl":{"start":{"line":188,"column":25},"end":{"line":188,"column":26}},"loc":{"start":{"line":188,"column":51},"end":{"line":204,"column":1}},"line":188},"7":{"name":"(anonymous_7)","decl":{"start":{"line":213,"column":10},"end":{"line":213,"column":11}},"loc":{"start":{"line":213,"column":16},"end":{"line":213,"column":48}},"line":213},"8":{"name":"(anonymous_8)","decl":{"start":{"line":214,"column":11},"end":{"line":214,"column":12}},"loc":{"start":{"line":214,"column":18},"end":{"line":214,"column":36}},"line":214},"9":{"name":"(anonymous_9)","decl":{"start":{"line":227,"column":19},"end":{"line":227,"column":20}},"loc":{"start":{"line":227,"column":25},"end":{"line":229,"column":3}},"line":227}},"branchMap":{"0":{"loc":{"start":{"line":37,"column":17},"end":{"line":37,"column":46}},"type":"binary-expr","locations":[{"start":{"line":37,"column":17},"end":{"line":37,"column":41}},{"start":{"line":37,"column":45},"end":{"line":37,"column":46}}],"line":37},"1":{"loc":{"start":{"line":38,"column":18},"end":{"line":38,"column":48}},"type":"binary-expr","locations":[{"start":{"line":38,"column":18},"end":{"line":38,"column":43}},{"start":{"line":38,"column":47},"end":{"line":38,"column":48}}],"line":38},"2":{"loc":{"start":{"line":72,"column":4},"end":{"line":78,"column":5}},"type":"if","locations":[{"start":{"line":72,"column":4},"end":{"line":78,"column":5}},{"start":{},"end":{}}],"line":72},"3":{"loc":{"start":{"line":99,"column":4},"end":{"line":103,"column":5}},"type":"if","locations":[{"start":{"line":99,"column":4},"end":{"line":103,"column":5}},{"start":{},"end":{}}],"line":99},"4":{"loc":{"start":{"line":99,"column":8},"end":{"line":99,"column":40}},"type":"binary-expr","locations":[{"start":{"line":99,"column":8},"end":{"line":99,"column":15}},{"start":{"line":99,"column":19},"end":{"line":99,"column":26}},{"start":{"line":99,"column":30},"end":{"line":99,"column":40}}],"line":99},"5":{"loc":{"start":{"line":133,"column":6},"end":{"line":139,"column":7}},"type":"if","locations":[{"start":{"line":133,"column":6},"end":{"line":139,"column":7}},{"start":{},"end":{}}],"line":133},"6":{"loc":{"start":{"line":163,"column":6},"end":{"line":169,"column":7}},"type":"if","locations":[{"start":{"line":163,"column":6},"end":{"line":169,"column":7}},{"start":{},"end":{}}],"line":163},"7":{"loc":{"start":{"line":210,"column":0},"end":{"line":215,"column":1}},"type":"if","locations":[{"start":{"line":210,"column":0},"end":{"line":215,"column":1}},{"start":{},"end":{}}],"line":210},"8":{"loc":{"start":{"line":224,"column":13},"end":{"line":224,"column":37}},"type":"binary-expr","locations":[{"start":{"line":224,"column":13},"end":{"line":224,"column":29}},{"start":{"line":224,"column":33},"end":{"line":224,"column":37}}],"line":224},"9":{"loc":{"start":{"line":226,"column":0},"end":{"line":230,"column":1}},"type":"if","locations":[{"start":{"line":226,"column":0},"end":{"line":230,"column":1}},{"start":{},"end":{}}],"line":226}},"s":{"0":1,"1":1,"2":1,"3":1,"4":1,"5":1,"6":1,"7":1,"8":1,"9":1,"10":1,"11":1,"12":1,"13":1,"14":1,"15":1,"16":0,"17":1,"18":1,"19":1,"20":1,"21":1,"22":1,"23":1,"24":1,"25":0,"26":1,"27":0,"28":0,"29":0,"30":0,"31":0,"32":0,"33":1,"34":1,"35":1,"36":1,"37":0,"38":1,"39":1,"40":1,"41":0,"42":0,"43":1,"44":1,"45":1,"46":1,"47":0,"48":1,"49":0,"50":1,"51":1,"52":1,"53":1,"54":0,"55":1,"56":0,"57":1,"58":0,"59":0,"60":0,"61":0,"62":1,"63":1,"64":1,"65":0,"66":1,"67":1,"68":1,"69":1,"70":1,"71":1},"f":{"0":0,"1":1,"2":0,"3":1,"4":1,"5":1,"6":0,"7":1,"8":0,"9":1},"b":{"0":[1,1],"1":[1,1],"2":[0,0],"3":[0,1],"4":[1,1,1],"5":[0,1],"6":[0,1],"7":[1,0],"8":[1,0],"9":[1,0]},"_coverageSchema":"1a1c01bbd47fc00a2c39e90264f33305004495a9","hash":"a1a8d7e170afbd180a5007f7a7311d0c94ac66d0"}
,"C:\\Users\\kinar\\OneDrive\\tareas.ids4\\Desarrollo full stack\\pagina-personal\\middleware\\auth.js": {"path":"C:\\Users\\kinar\\OneDrive\\tareas.ids4\\Desarrollo full stack\\pagina-personal\\middleware\\auth.js","statementMap":{"0":{"start":{"line":1,"column":12},"end":{"line":1,"column":35}},"1":{"start":{"line":5,"column":21},"end":{"line":5,"column":49}},"2":{"start":{"line":6,"column":16},"end":{"line":6,"column":54}},"3":{"start":{"line":8,"column":2},"end":{"line":10,"column":3}},"4":{"start":{"line":9,"column":4},"end":{"line":9,"column":64}},"5":{"start":{"line":12,"column":2},"end":{"line":19,"column":5}},"6":{"start":{"line":13,"column":4},"end":{"line":15,"column":5}},"7":{"start":{"line":14,"column":6},"end":{"line":14,"column":65}},"8":{"start":{"line":17,"column":4},"end":{"line":17,"column":20}},"9":{"start":{"line":18,"column":4},"end":{"line":18,"column":11}},"10":{"start":{"line":22,"column":0},"end":{"line":22,"column":35}}},"fnMap":{"0":{"name":"verificarToken","decl":{"start":{"line":4,"column":9},"end":{"line":4,"column":23}},"loc":{"start":{"line":4,"column":40},"end":{"line":20,"column":1}},"line":4},"1":{"name":"(anonymous_1)","decl":{"start":{"line":12,"column":44},"end":{"line":12,"column":45}},"loc":{"start":{"line":12,"column":59},"end":{"line":19,"column":3}},"line":12}},"branchMap":{"0":{"loc":{"start":{"line":6,"column":16},"end":{"line":6,"column":54}},"type":"binary-expr","locations":[{"start":{"line":6,"column":16},"end":{"line":6,"column":26}},{"start":{"line":6,"column":30},"end":{"line":6,"column":54}}],"line":6},"1":{"loc":{"start":{"line":8,"column":2},"end":{"line":10,"column":3}},"type":"if","locations":[{"start":{"line":8,"column":2},"end":{"line":10,"column":3}},{"start":{},"end":{}}],"line":8},"2":{"loc":{"start":{"line":13,"column":4},"end":{"line":15,"column":5}},"type":"if","locations":[{"start":{"line":13,"column":4},"end":{"line":15,"column":5}},{"start":{},"end":{}}],"line":13}},"s":{"0":1,"1":7,"2":7,"3":7,"4":1,"5":6,"6":6,"7":0,"8":6,"9":6,"10":1},"f":{"0":7,"1":6},"b":{"0":[7,6],"1":[1,6],"2":[0,6]},"_coverageSchema":"1a1c01bbd47fc00a2c39e90264f33305004495a9","hash":"350d8c7626eeaffc2072cf8f7e0114e0e5e9a9fd"}
,"C:\\Users\\kinar\\OneDrive\\tareas.ids4\\Desarrollo full stack\\pagina-personal\\middleware\\errorHandler.js": {"path":"C:\\Users\\kinar\\OneDrive\\tareas.ids4\\Desarrollo full stack\\pagina-personal\\middleware\\errorHandler.js","statementMap":{"0":{"start":{"line":2,"column":4},"end":{"line":2,"column":29}},"1":{"start":{"line":3,"column":4},"end":{"line":6,"column":7}},"2":{"start":{"line":9,"column":0},"end":{"line":9,"column":30}}},"fnMap":{"0":{"name":"errorHandler","decl":{"start":{"line":1,"column":9},"end":{"line":1,"column":21}},"loc":{"start":{"line":1,"column":43},"end":{"line":7,"column":1}},"line":1}},"branchMap":{"0":{"loc":{"start":{"line":3,"column":15},"end":{"line":3,"column":32}},"type":"binary-expr","locations":[{"start":{"line":3,"column":15},"end":{"line":3,"column":25}},{"start":{"line":3,"column":29},"end":{"line":3,"column":32}}],"line":3},"1":{"loc":{"start":{"line":5,"column":17},"end":{"line":5,"column":60}},"type":"binary-expr","locations":[{"start":{"line":5,"column":17},"end":{"line":5,"column":28}},{"start":{"line":5,"column":32},"end":{"line":5,"column":60}}],"line":5}},"s":{"0":0,"1":0,"2":1},"f":{"0":0},"b":{"0":[0,0],"1":[0,0]},"_coverageSchema":"1a1c01bbd47fc00a2c39e90264f33305004495a9","hash":"2a91eba2a3c026a67cede2c7dc58876b6d57e6ab"}
,"C:\\Users\\kinar\\OneDrive\\tareas.ids4\\Desarrollo full stack\\pagina-personal\\middleware\\roleMiddleware.js": {"path":"C:\\Users\\kinar\\OneDrive\\tareas.ids4\\Desarrollo full stack\\pagina-personal\\middleware\\roleMiddleware.js","statementMap":{"0":{"start":{"line":3,"column":4},"end":{"line":23,"column":6}},"1":{"start":{"line":5,"column":8},"end":{"line":11,"column":9}},"2":{"start":{"line":7,"column":12},"end":{"line":9,"column":15}},"3":{"start":{"line":13,"column":8},"end":{"line":19,"column":9}},"4":{"start":{"line":15,"column":12},"end":{"line":17,"column":15}},"5":{"start":{"line":21,"column":8},"end":{"line":21,"column":15}},"6":{"start":{"line":27,"column":0},"end":{"line":27,"column":30}}},"fnMap":{"0":{"name":"verificarRol","decl":{"start":{"line":1,"column":9},"end":{"line":1,"column":21}},"loc":{"start":{"line":1,"column":36},"end":{"line":25,"column":1}},"line":1},"1":{"name":"(anonymous_1)","decl":{"start":{"line":3,"column":11},"end":{"line":3,"column":12}},"loc":{"start":{"line":3,"column":31},"end":{"line":23,"column":5}},"line":3}},"branchMap":{"0":{"loc":{"start":{"line":5,"column":8},"end":{"line":11,"column":9}},"type":"if","locations":[{"start":{"line":5,"column":8},"end":{"line":11,"column":9}},{"start":{},"end":{}}],"line":5},"1":{"loc":{"start":{"line":13,"column":8},"end":{"line":19,"column":9}},"type":"if","locations":[{"start":{"line":13,"column":8},"end":{"line":19,"column":9}},{"start":{},"end":{}}],"line":13}},"s":{"0":2,"1":4,"2":0,"3":4,"4":2,"5":2,"6":1},"f":{"0":2,"1":4},"b":{"0":[0,4],"1":[2,2]},"_coverageSchema":"1a1c01bbd47fc00a2c39e90264f33305004495a9","hash":"359c3457bcdfd1b272722a20ee5b96497c4edcd4"}
,"C:\\Users\\kinar\\OneDrive\\tareas.ids4\\Desarrollo full stack\\pagina-personal\\middleware\\validarRegistro.js": {"path":"C:\\Users\\kinar\\OneDrive\\tareas.ids4\\Desarrollo full stack\\pagina-personal\\middleware\\validarRegistro.js","statementMap":{"0":{"start":{"line":3,"column":42},"end":{"line":3,"column":50}},"1":{"start":{"line":5,"column":4},"end":{"line":13,"column":5}},"2":{"start":{"line":7,"column":8},"end":{"line":11,"column":11}},"3":{"start":{"line":15,"column":4},"end":{"line":15,"column":11}},"4":{"start":{"line":19,"column":0},"end":{"line":19,"column":33}}},"fnMap":{"0":{"name":"validarRegistro","decl":{"start":{"line":1,"column":9},"end":{"line":1,"column":24}},"loc":{"start":{"line":1,"column":40},"end":{"line":17,"column":1}},"line":1}},"branchMap":{"0":{"loc":{"start":{"line":5,"column":4},"end":{"line":13,"column":5}},"type":"if","locations":[{"start":{"line":5,"column":4},"end":{"line":13,"column":5}},{"start":{},"end":{}}],"line":5},"1":{"loc":{"start":{"line":5,"column":7},"end":{"line":5,"column":39}},"type":"binary-expr","locations":[{"start":{"line":5,"column":7},"end":{"line":5,"column":14}},{"start":{"line":5,"column":18},"end":{"line":5,"column":25}},{"start":{"line":5,"column":29},"end":{"line":5,"column":39}}],"line":5}},"s":{"0":0,"1":0,"2":0,"3":0,"4":1},"f":{"0":0},"b":{"0":[0,0],"1":[0,0,0]},"_coverageSchema":"1a1c01bbd47fc00a2c39e90264f33305004495a9","hash":"1111740d11b37e9b9f9bc147e0e5e1394245c9c6"}
,"C:\\Users\\kinar\\OneDrive\\tareas.ids4\\Desarrollo full stack\\pagina-personal\\models\\Registro.js": {"path":"C:\\Users\\kinar\\OneDrive\\tareas.ids4\\Desarrollo full stack\\pagina-personal\\models\\Registro.js","statementMap":{"0":{"start":{"line":1,"column":19},"end":{"line":1,"column":38}},"1":{"start":{"line":3,"column":25},"end":{"line":20,"column":4}},"2":{"start":{"line":22,"column":2},"end":{"line":22,"column":62}}},"fnMap":{},"branchMap":{},"s":{"0":1,"1":1,"2":1},"f":{},"b":{},"_coverageSchema":"1a1c01bbd47fc00a2c39e90264f33305004495a9","hash":"84bbd4c7a5eb666618011cfcb817ccfe71cf29cd"}
,"C:\\Users\\kinar\\OneDrive\\tareas.ids4\\Desarrollo full stack\\pagina-personal\\models\\Usuario.js": {"path":"C:\\Users\\kinar\\OneDrive\\tareas.ids4\\Desarrollo full stack\\pagina-personal\\models\\Usuario.js","statementMap":{"0":{"start":{"line":1,"column":17},"end":{"line":1,"column":36}},"1":{"start":{"line":2,"column":15},"end":{"line":2,"column":34}},"2":{"start":{"line":4,"column":22},"end":{"line":29,"column":2}},"3":{"start":{"line":32,"column":0},"end":{"line":40,"column":3}},"4":{"start":{"line":34,"column":2},"end":{"line":34,"column":43}},"5":{"start":{"line":34,"column":36},"end":{"line":34,"column":43}},"6":{"start":{"line":36,"column":15},"end":{"line":36,"column":39}},"7":{"start":{"line":38,"column":2},"end":{"line":38,"column":57}},"8":{"start":{"line":43,"column":0},"end":{"line":47,"column":2}},"9":{"start":{"line":45,"column":2},"end":{"line":45,"column":55}},"10":{"start":{"line":49,"column":0},"end":{"line":49,"column":58}}},"fnMap":{"0":{"name":"(anonymous_0)","decl":{"start":{"line":32,"column":26},"end":{"line":32,"column":27}},"loc":{"start":{"line":32,"column":44},"end":{"line":40,"column":1}},"line":32},"1":{"name":"(anonymous_1)","decl":{"start":{"line":43,"column":41},"end":{"line":43,"column":42}},"loc":{"start":{"line":43,"column":65},"end":{"line":47,"column":1}},"line":43}},"branchMap":{"0":{"loc":{"start":{"line":34,"column":2},"end":{"line":34,"column":43}},"type":"if","locations":[{"start":{"line":34,"column":2},"end":{"line":34,"column":43}},{"start":{},"end":{}}],"line":34}},"s":{"0":1,"1":1,"2":1,"3":1,"4":0,"5":0,"6":0,"7":0,"8":1,"9":0,"10":1},"f":{"0":0,"1":0},"b":{"0":[0,0]},"_coverageSchema":"1a1c01bbd47fc00a2c39e90264f33305004495a9","hash":"a4a84f83b838b6acaec13640f5e9ccf875b60474"}
}
