TN:
SF:auth.js
FN:9,(anonymous_0)
FN:42,(anonymous_1)
FNF:2
FNH:0
FNDA:0,(anonymous_0)
FNDA:0,(anonymous_1)
DA:1,1
DA:2,1
DA:3,1
DA:4,1
DA:6,1
DA:9,1
DA:11,0
DA:12,0
DA:13,0
DA:14,0
DA:19,0
DA:21,0
DA:22,0
DA:27,0
DA:32,0
DA:33,0
DA:37,0
DA:42,1
DA:44,0
DA:45,0
DA:46,0
DA:47,0
DA:52,0
DA:54,0
DA:55,0
DA:60,0
DA:62,0
DA:63,0
DA:68,0
DA:80,0
DA:86,0
DA:90,1
LF:32
LH:8
BRDA:13,0,0,0
BRDA:13,0,1,0
BRDA:13,1,0,0
BRDA:13,1,1,0
BRDA:13,1,2,0
BRDA:21,2,0,0
BRDA:21,2,1,0
BRDA:46,3,0,0
BRDA:46,3,1,0
BRDA:46,4,0,0
BRDA:46,4,1,0
BRDA:54,5,0,0
BRDA:54,5,1,0
BRDA:62,6,0,0
BRDA:62,6,1,0
BRF:15
BRH:0
end_of_record
TN:
SF:server.js
FN:26,(anonymous_0)
FN:33,(anonymous_1)
FN:66,(anonymous_2)
FN:95,(anonymous_3)
FN:124,(anonymous_4)
FN:156,(anonymous_5)
FN:188,(anonymous_6)
FN:213,(anonymous_7)
FN:214,(anonymous_8)
FN:227,(anonymous_9)
FNF:10
FNH:6
FNDA:0,(anonymous_0)
FNDA:1,(anonymous_1)
FNDA:0,(anonymous_2)
FNDA:1,(anonymous_3)
FNDA:1,(anonymous_4)
FNDA:1,(anonymous_5)
FNDA:0,(anonymous_6)
FNDA:1,(anonymous_7)
FNDA:0,(anonymous_8)
FNDA:1,(anonymous_9)
DA:1,1
DA:2,1
DA:3,1
DA:4,1
DA:6,1
DA:8,1
DA:9,1
DA:11,1
DA:12,1
DA:13,1
DA:14,1
DA:16,1
DA:18,1
DA:19,1
DA:21,1
DA:26,1
DA:27,0
DA:33,1
DA:35,1
DA:37,1
DA:38,1
DA:39,1
DA:41,1
DA:46,1
DA:48,1
DA:57,0
DA:66,1
DA:68,0
DA:70,0
DA:72,0
DA:74,0
DA:80,0
DA:84,0
DA:95,1
DA:97,1
DA:98,1
DA:99,1
DA:100,0
DA:104,1
DA:109,1
DA:110,1
DA:114,0
DA:115,0
DA:124,1
DA:126,1
DA:127,1
DA:133,1
DA:135,0
DA:141,1
DA:145,0
DA:156,1
DA:158,1
DA:161,1
DA:163,1
DA:165,0
DA:171,1
DA:177,0
DA:188,1
DA:190,0
DA:192,0
DA:196,0
DA:200,0
DA:210,1
DA:211,1
DA:213,1
DA:214,0
DA:219,1
DA:224,1
DA:226,1
DA:227,1
DA:228,1
DA:232,1
LF:72
LH:52
BRDA:37,0,0,1
BRDA:37,0,1,1
BRDA:38,1,0,1
BRDA:38,1,1,1
BRDA:72,2,0,0
BRDA:72,2,1,0
BRDA:99,3,0,0
BRDA:99,3,1,1
BRDA:99,4,0,1
BRDA:99,4,1,1
BRDA:99,4,2,1
BRDA:133,5,0,0
BRDA:133,5,1,1
BRDA:163,6,0,0
BRDA:163,6,1,1
BRDA:210,7,0,1
BRDA:210,7,1,0
BRDA:224,8,0,1
BRDA:224,8,1,0
BRDA:226,9,0,1
BRDA:226,9,1,0
BRF:21
BRH:13
end_of_record
TN:
SF:middleware\auth.js
FN:4,verificarToken
FN:12,(anonymous_1)
FNF:2
FNH:2
FNDA:7,verificarToken
FNDA:6,(anonymous_1)
DA:1,1
DA:5,7
DA:6,7
DA:8,7
DA:9,1
DA:12,6
DA:13,6
DA:14,0
DA:17,6
DA:18,6
DA:22,1
LF:11
LH:10
BRDA:6,0,0,7
BRDA:6,0,1,6
BRDA:8,1,0,1
BRDA:8,1,1,6
BRDA:13,2,0,0
BRDA:13,2,1,6
BRF:6
BRH:5
end_of_record
TN:
SF:middleware\errorHandler.js
FN:1,errorHandler
FNF:1
FNH:0
FNDA:0,errorHandler
DA:2,0
DA:3,0
DA:9,1
LF:3
LH:1
BRDA:3,0,0,0
BRDA:3,0,1,0
BRDA:5,1,0,0
BRDA:5,1,1,0
BRF:4
BRH:0
end_of_record
TN:
SF:middleware\roleMiddleware.js
FN:1,verificarRol
FN:3,(anonymous_1)
FNF:2
FNH:2
FNDA:2,verificarRol
FNDA:4,(anonymous_1)
DA:3,2
DA:5,4
DA:7,0
DA:13,4
DA:15,2
DA:21,2
DA:27,1
LF:7
LH:6
BRDA:5,0,0,0
BRDA:5,0,1,4
BRDA:13,1,0,2
BRDA:13,1,1,2
BRF:4
BRH:3
end_of_record
TN:
SF:middleware\validarRegistro.js
FN:1,validarRegistro
FNF:1
FNH:0
FNDA:0,validarRegistro
DA:3,0
DA:5,0
DA:7,0
DA:15,0
DA:19,1
LF:5
LH:1
BRDA:5,0,0,0
BRDA:5,0,1,0
BRDA:5,1,0,0
BRDA:5,1,1,0
BRDA:5,1,2,0
BRF:5
BRH:0
end_of_record
TN:
SF:models\Registro.js
FNF:0
FNH:0
DA:1,1
DA:3,1
DA:22,1
LF:3
LH:3
BRF:0
BRH:0
end_of_record
TN:
SF:models\Usuario.js
FN:32,(anonymous_0)
FN:43,(anonymous_1)
FNF:2
FNH:0
FNDA:0,(anonymous_0)
FNDA:0,(anonymous_1)
DA:1,1
DA:2,1
DA:4,1
DA:32,1
DA:34,0
DA:36,0
DA:38,0
DA:43,1
DA:45,0
DA:49,1
LF:10
LH:6
BRDA:34,0,0,0
BRDA:34,0,1,0
BRF:2
BRH:0
end_of_record
